<?xml version="1.0" encoding="UTF-8"?>
<!-- Generated by org.testng.reporters.JUnitXMLReporter -->
<testsuite ignored="0" hostname="DESKTOP-6OC5O3O" failures="0" tests="3" name="Test" time="21.283" errors="0" timestamp="2025-09-02T18:36:08 IST">
  <testcase classname="Com.Selenium.DataProviderTestNG" name="lunchBrowser" time="18.514"/>
  <testcase classname="Com.Selenium.DataProviderTestNG" name="signInData" time="2.259"/>
  <testcase classname="Com.Selenium.DataProviderTestNG" name="signInData" time="0.436"/>
</testsuite> <!-- Test -->
