<?xml version="1.0" encoding="UTF-8"?>
<!-- Generated by org.testng.reporters.JUnitXMLReporter -->
<testsuite ignored="0" hostname="DESKTOP-6OC5O3O" failures="0" tests="3" name="Test" time="9.343" errors="0" timestamp="2025-09-22T12:53:58 IST">
  <testcase classname="Com.Selenium.ParameterConceptTestNG" name="openUrl" time="0.581"/>
  <testcase classname="Com.Selenium.ParameterConceptTestNG" name="openUrl" time="1.282"/>
  <testcase classname="Com.Selenium.ParameterConceptTestNG" name="checkTitle" time="5.065"/>
</testsuite> <!-- Test -->
