<?xml version="1.0" encoding="UTF-8"?>
<!-- Generated by org.testng.reporters.JUnitXMLReporter -->
<testsuite ignored="0" hostname="DESKTOP-6OC5O3O" failures="0" tests="3" name="Test" time="8.824" errors="0" timestamp="2025-09-02T15:59:17 IST">
  <testcase classname="Com.Selenium.ParameterConceptTestNG" name="openUrl" time="0.595"/>
  <testcase classname="Com.Selenium.ParameterConceptTestNG" name="openUrl" time="0.665"/>
  <testcase classname="Com.Selenium.ParameterConceptTestNG" name="checkTitle" time="5.366"/>
</testsuite> <!-- Test -->
