<?xml version="1.0" encoding="UTF-8"?>
<testng-results ignored="0" total="4" passed="4" failed="0" skipped="0">
  <reporter-output>
  </reporter-output>
  <suite started-at="2025-09-22T12:53:49 IST" name="Parameter" finished-at="2025-09-22T12:54:03 IST" duration-ms="14337">
    <groups>
    </groups>
    <test started-at="2025-09-22T12:53:49 IST" name="Test" finished-at="2025-09-22T12:53:58 IST" duration-ms="9343">
      <class name="Com.Selenium.ParameterConceptTestNG">
        <test-method is-config="true" signature="setUp(java.lang.String)[pri:0, instance:Com.Selenium.ParameterConceptTestNG@212b5695]" started-at="2025-09-22T12:53:49 IST" name="setUp" finished-at="2025-09-22T12:53:52 IST" duration-ms="3578" status="PASS">
          <params>
            <param index="0">
              <value>
                <![CDATA[Chrome]]>
              </value>
            </param>
          </params>
          <reporter-output>
          </reporter-output>
        </test-method> <!-- setUp -->
        <test-method signature="openUrl(java.lang.String)[pri:0, instance:Com.Selenium.ParameterConceptTestNG@212b5695]" started-at="2025-09-22T12:53:52 IST" name="openUrl" finished-at="2025-09-22T12:53:53 IST" duration-ms="581" status="PASS">
          <params>
            <param index="0">
              <value>
                <![CDATA[https://www.example.com]]>
              </value>
            </param>
          </params>
          <reporter-output>
          </reporter-output>
        </test-method> <!-- openUrl -->
        <test-method signature="checkTitle()[pri:1, instance:Com.Selenium.ParameterConceptTestNG@212b5695]" started-at="2025-09-22T12:53:53 IST" name="checkTitle" finished-at="2025-09-22T12:53:58 IST" duration-ms="5065" status="PASS">
          <reporter-output>
          </reporter-output>
        </test-method> <!-- checkTitle -->
      </class> <!-- Com.Selenium.ParameterConceptTestNG -->
    </test> <!-- Test -->
    <test started-at="2025-09-22T12:53:49 IST" name="Test1" finished-at="2025-09-22T12:54:03 IST" duration-ms="14337">
      <class name="Com.Selenium.ParameterConceptTestNG">
        <test-method is-config="true" signature="setUp(java.lang.String)[pri:0, instance:Com.Selenium.ParameterConceptTestNG@662b4c69]" started-at="2025-09-22T12:53:49 IST" name="setUp" finished-at="2025-09-22T12:53:57 IST" duration-ms="8026" status="PASS">
          <params>
            <param index="0">
              <value>
                <![CDATA[Firefox]]>
              </value>
            </param>
          </params>
          <reporter-output>
          </reporter-output>
        </test-method> <!-- setUp -->
        <test-method signature="openUrl(java.lang.String)[pri:0, instance:Com.Selenium.ParameterConceptTestNG@662b4c69]" started-at="2025-09-22T12:53:57 IST" name="openUrl" finished-at="2025-09-22T12:53:58 IST" duration-ms="1282" status="PASS">
          <params>
            <param index="0">
              <value>
                <![CDATA[https://www.example.com]]>
              </value>
            </param>
          </params>
          <reporter-output>
          </reporter-output>
        </test-method> <!-- openUrl -->
        <test-method signature="checkTitle()[pri:1, instance:Com.Selenium.ParameterConceptTestNG@662b4c69]" started-at="2025-09-22T12:53:58 IST" name="checkTitle" finished-at="2025-09-22T12:54:03 IST" duration-ms="5010" status="PASS">
          <reporter-output>
          </reporter-output>
        </test-method> <!-- checkTitle -->
      </class> <!-- Com.Selenium.ParameterConceptTestNG -->
    </test> <!-- Test1 -->
  </suite> <!-- Parameter -->
</testng-results>
