<?xml version="1.0" encoding="UTF-8"?>
<testng-results ignored="0" total="2" passed="2" failed="0" skipped="0">
  <reporter-output>
  </reporter-output>
  <suite started-at="2025-09-03T17:11:01 IST" name="Default suite" finished-at="2025-09-03T17:11:12 IST" duration-ms="11125">
    <groups>
    </groups>
    <test started-at="2025-09-03T17:11:01 IST" name="Default test" finished-at="2025-09-03T17:11:12 IST" duration-ms="11125">
      <class name="Com.Selenium.PropertiesFile">
        <test-method signature="setUp()[pri:0, instance:Com.Selenium.PropertiesFile@10163d6]" started-at="2025-09-03T17:11:01 IST" name="setUp" finished-at="2025-09-03T17:11:11 IST" duration-ms="9103" status="PASS">
          <reporter-output>
          </reporter-output>
        </test-method> <!-- setUp -->
        <test-method signature="loginData()[pri:1, instance:Com.Selenium.PropertiesFile@10163d6]" started-at="2025-09-03T17:11:11 IST" name="loginData" finished-at="2025-09-03T17:11:12 IST" duration-ms="1940" status="PASS">
          <reporter-output>
          </reporter-output>
        </test-method> <!-- loginData -->
      </class> <!-- Com.Selenium.PropertiesFile -->
    </test> <!-- Default test -->
  </suite> <!-- Default suite -->
</testng-results>
